# JRE version: OpenJDK Runtime Environment (11.0.15) (build 11.0.15+0-b2043.56-8887301)
# Java VM: OpenJDK 64-Bit Server VM (11.0.15+0-b2043.56-8887301, mixed mode, tiered, compressed oops, g1 gc, windows-amd64)
Heap:
 garbage-first heap   total 262144K, used 125502K [0x0000000080000000, 0x0000000100000000)
  region size 1024K, 27 young (27648K), 9 survivors (9216K)
 Metaspace       used 105704K, capacity 108543K, committed 108624K, reserved 1142784K
  class space    used 13457K, capacity 14536K, committed 14616K, reserved 1048576K
GC Heap History (20 events):
Event: 14.961 GC heap before
{Heap before GC invocations=8 (full 0):
 garbage-first heap   total 262144K, used 96299K [0x0000000080000000, 0x0000000100000000)
  region size 1024K, 65 young (66560K), 17 survivors (17408K)
 Metaspace       used 58854K, capacity 60387K, committed 60572K, reserved 1101824K
  class space    used 7477K, capacity 8085K, committed 8216K, reserved 1048576K
}
Event: 14.974 GC heap after
{Heap after GC invocations=9 (full 0):
 garbage-first heap   total 262144K, used 51499K [0x0000000080000000, 0x0000000100000000)
  region size 1024K, 4 young (4096K), 4 survivors (4096K)
 Metaspace       used 58854K, capacity 60387K, committed 60572K, reserved 1101824K
  class space    used 7477K, capacity 8085K, committed 8216K, reserved 1048576K
}
Event: 17.167 GC heap before
{Heap before GC invocations=10 (full 0):
 garbage-first heap   total 262144K, used 162091K [0x0000000080000000, 0x0000000100000000)
  region size 1024K, 105 young (107520K), 4 survivors (4096K)
 Metaspace       used 67506K, capacity 69177K, committed 69276K, reserved 1110016K
  class space    used 8560K, capacity 9196K, committed 9240K, reserved 1048576K
}
Event: 17.174 GC heap after
{Heap after GC invocations=11 (full 0):
 garbage-first heap   total 262144K, used 58144K [0x0000000080000000, 0x0000000100000000)
  region size 1024K, 10 young (10240K), 10 survivors (10240K)
 Metaspace       used 67506K, capacity 69177K, committed 69276K, reserved 1110016K
  class space    used 8560K, capacity 9196K, committed 9240K, reserved 1048576K
}
Event: 18.492 GC heap before
{Heap before GC invocations=11 (full 0):
 garbage-first heap   total 262144K, used 164640K [0x0000000080000000, 0x0000000100000000)
  region size 1024K, 114 young (116736K), 10 survivors (10240K)
 Metaspace       used 74631K, capacity 76439K, committed 76572K, reserved 1116160K
  class space    used 9674K, capacity 10367K, committed 10392K, reserved 1048576K
}
Event: 18.503 GC heap after
{Heap after GC invocations=12 (full 0):
 garbage-first heap   total 262144K, used 65129K [0x0000000080000000, 0x0000000100000000)
  region size 1024K, 8 young (8192K), 8 survivors (8192K)
 Metaspace       used 74631K, capacity 76439K, committed 76572K, reserved 1116160K
  class space    used 9674K, capacity 10367K, committed 10392K, reserved 1048576K
}
Event: 20.077 GC heap before
{Heap before GC invocations=12 (full 0):
 garbage-first heap   total 262144K, used 173673K [0x0000000080000000, 0x0000000100000000)
  region size 1024K, 114 young (116736K), 8 survivors (8192K)
 Metaspace       used 84062K, capacity 86119K, committed 86428K, reserved 1124352K
  class space    used 10957K, capacity 11719K, committed 11800K, reserved 1048576K
}
Event: 20.087 GC heap after
{Heap after GC invocations=13 (full 0):
 garbage-first heap   total 262144K, used 72269K [0x0000000080000000, 0x0000000100000000)
  region size 1024K, 15 young (15360K), 15 survivors (15360K)
 Metaspace       used 84062K, capacity 86119K, committed 86428K, reserved 1124352K
  class space    used 10957K, capacity 11719K, committed 11800K, reserved 1048576K
}
Event: 21.969 GC heap before
{Heap before GC invocations=13 (full 0):
 garbage-first heap   total 262144K, used 180813K [0x0000000080000000, 0x0000000100000000)
  region size 1024K, 122 young (124928K), 15 survivors (15360K)
 Metaspace       used 86719K, capacity 89165K, committed 89372K, reserved 1126400K
  class space    used 11391K, capacity 12323K, committed 12440K, reserved 1048576K
}
Event: 21.985 GC heap after
{Heap after GC invocations=14 (full 0):
 garbage-first heap   total 262144K, used 82991K [0x0000000080000000, 0x0000000100000000)
  region size 1024K, 16 young (16384K), 16 survivors (16384K)
 Metaspace       used 86719K, capacity 89165K, committed 89372K, reserved 1126400K
  class space    used 11391K, capacity 12323K, committed 12440K, reserved 1048576K
}
Event: 23.877 GC heap before
{Heap before GC invocations=14 (full 0):
 garbage-first heap   total 262144K, used 207919K [0x0000000080000000, 0x0000000100000000)
  region size 1024K, 120 young (122880K), 16 survivors (16384K)
 Metaspace       used 92745K, capacity 95305K, committed 95388K, reserved 1132544K
  class space    used 12047K, capacity 13065K, committed 13080K, reserved 1048576K
}
Event: 23.895 GC heap after
{Heap after GC invocations=15 (full 0):
 garbage-first heap   total 262144K, used 88328K [0x0000000080000000, 0x0000000100000000)
  region size 1024K, 5 young (5120K), 5 survivors (5120K)
 Metaspace       used 92745K, capacity 95305K, committed 95388K, reserved 1132544K
  class space    used 12047K, capacity 13065K, committed 13080K, reserved 1048576K
}
Event: 24.849 GC heap before
{Heap before GC invocations=15 (full 0):
 garbage-first heap   total 262144K, used 194824K [0x0000000080000000, 0x0000000100000000)
  region size 1024K, 110 young (112640K), 5 survivors (5120K)
 Metaspace       used 96137K, capacity 98819K, committed 99100K, reserved 1134592K
  class space    used 12405K, capacity 13429K, committed 13464K, reserved 1048576K
}
Event: 24.860 GC heap after
{Heap after GC invocations=16 (full 0):
 garbage-first heap   total 262144K, used 92681K [0x0000000080000000, 0x0000000100000000)
  region size 1024K, 9 young (9216K), 9 survivors (9216K)
 Metaspace       used 96137K, capacity 98819K, committed 99100K, reserved 1134592K
  class space    used 12405K, capacity 13429K, committed 13464K, reserved 1048576K
}
Event: 25.203 GC heap before
{Heap before GC invocations=16 (full 0):
 garbage-first heap   total 262144K, used 132617K [0x0000000080000000, 0x0000000100000000)
  region size 1024K, 50 young (51200K), 9 survivors (9216K)
 Metaspace       used 98417K, capacity 101098K, committed 101276K, reserved 1136640K
  class space    used 12680K, capacity 13719K, committed 13848K, reserved 1048576K
}
Event: 25.214 GC heap after
{Heap after GC invocations=17 (full 0):
 garbage-first heap   total 262144K, used 94993K [0x0000000080000000, 0x0000000100000000)
  region size 1024K, 8 young (8192K), 8 survivors (8192K)
 Metaspace       used 98417K, capacity 101098K, committed 101276K, reserved 1136640K
  class space    used 12680K, capacity 13719K, committed 13848K, reserved 1048576K
}
Event: 30.405 GC heap before
{Heap before GC invocations=18 (full 0):
 garbage-first heap   total 262144K, used 186129K [0x0000000080000000, 0x0000000100000000)
  region size 1024K, 98 young (100352K), 8 survivors (8192K)
 Metaspace       used 101810K, capacity 104443K, committed 104784K, reserved 1140736K
  class space    used 13031K, capacity 14018K, committed 14104K, reserved 1048576K
}
Event: 30.416 GC heap after
{Heap after GC invocations=19 (full 0):
 garbage-first heap   total 262144K, used 102028K [0x0000000080000000, 0x0000000100000000)
  region size 1024K, 10 young (10240K), 10 survivors (10240K)
 Metaspace       used 101810K, capacity 104443K, committed 104784K, reserved 1140736K
  class space    used 13031K, capacity 14018K, committed 14104K, reserved 1048576K
}
Event: 47.561 GC heap before
{Heap before GC invocations=19 (full 0):
 garbage-first heap   total 262144K, used 192140K [0x0000000080000000, 0x0000000100000000)
  region size 1024K, 99 young (101376K), 10 survivors (10240K)
 Metaspace       used 105525K, capacity 108439K, committed 108624K, reserved 1142784K
  class space    used 13453K, capacity 14531K, committed 14616K, reserved 1048576K
}
Event: 47.576 GC heap after
{Heap after GC invocations=20 (full 0):
 garbage-first heap   total 262144K, used 108094K [0x0000000080000000, 0x0000000100000000)
  region size 1024K, 9 young (9216K), 9 survivors (9216K)
 Metaspace       used 105525K, capacity 108439K, committed 108624K, reserved 1142784K
  class space    used 13453K, capacity 14531K, committed 14616K, reserved 1048576K
}

