# JRE version: OpenJDK Runtime Environment (11.0.15) (build 11.0.15+0-b2043.56-8887301)
# Java VM: OpenJDK 64-Bit Server VM (11.0.15+0-b2043.56-8887301, mixed mode, tiered, compressed oops, g1 gc, windows-amd64)
Heap:
 garbage-first heap   total 262144K, used 156272K [0x0000000080000000, 0x0000000100000000)
  region size 1024K, 80 young (81920K), 13 survivors (13312K)
 Metaspace       used 88971K, capacity 91489K, committed 91600K, reserved 1128448K
  class space    used 11632K, capacity 12600K, committed 12672K, reserved 1048576K
GC Heap History (20 events):
Event: 0.705 GC heap before
{Heap before GC invocations=0 (full 0):
 garbage-first heap   total 262144K, used 29696K [0x0000000080000000, 0x0000000100000000)
  region size 1024K, 24 young (24576K), 0 survivors (0K)
 Metaspace       used 9739K, capacity 9892K, committed 10112K, reserved 1058816K
  class space    used 992K, capacity 1069K, committed 1152K, reserved 1048576K
}
Event: 0.708 GC heap after
{Heap after GC invocations=1 (full 0):
 garbage-first heap   total 262144K, used 9311K [0x0000000080000000, 0x0000000100000000)
  region size 1024K, 3 young (3072K), 3 survivors (3072K)
 Metaspace       used 9739K, capacity 9892K, committed 10112K, reserved 1058816K
  class space    used 992K, capacity 1069K, committed 1152K, reserved 1048576K
}
Event: 2.262 GC heap before
{Heap before GC invocations=1 (full 0):
 garbage-first heap   total 262144K, used 109663K [0x0000000080000000, 0x0000000100000000)
  region size 1024K, 101 young (103424K), 3 survivors (3072K)
 Metaspace       used 20807K, capacity 21189K, committed 21296K, reserved 1069056K
  class space    used 2522K, capacity 2687K, committed 2688K, reserved 1048576K
}
Event: 2.270 GC heap after
{Heap after GC invocations=2 (full 0):
 garbage-first heap   total 262144K, used 17182K [0x0000000080000000, 0x0000000100000000)
  region size 1024K, 11 young (11264K), 11 survivors (11264K)
 Metaspace       used 20807K, capacity 21189K, committed 21296K, reserved 1069056K
  class space    used 2522K, capacity 2687K, committed 2688K, reserved 1048576K
}
Event: 2.839 GC heap before
{Heap before GC invocations=3 (full 0):
 garbage-first heap   total 262144K, used 83742K [0x0000000080000000, 0x0000000100000000)
  region size 1024K, 77 young (78848K), 11 survivors (11264K)
 Metaspace       used 27579K, capacity 28188K, committed 28544K, reserved 1073152K
  class space    used 3615K, capacity 3841K, committed 3968K, reserved 1048576K
}
Event: 2.846 GC heap after
{Heap after GC invocations=4 (full 0):
 garbage-first heap   total 262144K, used 19809K [0x0000000080000000, 0x0000000100000000)
  region size 1024K, 3 young (3072K), 3 survivors (3072K)
 Metaspace       used 27579K, capacity 28188K, committed 28544K, reserved 1073152K
  class space    used 3615K, capacity 3841K, committed 3968K, reserved 1048576K
}
Event: 3.440 GC heap before
{Heap before GC invocations=4 (full 0):
 garbage-first heap   total 262144K, used 74081K [0x0000000080000000, 0x0000000100000000)
  region size 1024K, 57 young (58368K), 3 survivors (3072K)
 Metaspace       used 35005K, capacity 35890K, committed 35968K, reserved 1081344K
  class space    used 4566K, capacity 4921K, committed 4992K, reserved 1048576K
}
Event: 3.449 GC heap after
{Heap after GC invocations=5 (full 0):
 garbage-first heap   total 262144K, used 22534K [0x0000000080000000, 0x0000000100000000)
  region size 1024K, 6 young (6144K), 6 survivors (6144K)
 Metaspace       used 35005K, capacity 35890K, committed 35968K, reserved 1081344K
  class space    used 4566K, capacity 4921K, committed 4992K, reserved 1048576K
}
Event: 4.446 GC heap before
{Heap before GC invocations=6 (full 0):
 garbage-first heap   total 262144K, used 137222K [0x0000000080000000, 0x0000000100000000)
  region size 1024K, 114 young (116736K), 6 survivors (6144K)
 Metaspace       used 45201K, capacity 46221K, committed 46364K, reserved 1089536K
  class space    used 5732K, capacity 6150K, committed 6272K, reserved 1048576K
}
Event: 4.466 GC heap after
{Heap after GC invocations=7 (full 0):
 garbage-first heap   total 262144K, used 30607K [0x0000000080000000, 0x0000000100000000)
  region size 1024K, 14 young (14336K), 14 survivors (14336K)
 Metaspace       used 45201K, capacity 46221K, committed 46364K, reserved 1089536K
  class space    used 5732K, capacity 6150K, committed 6272K, reserved 1048576K
}
Event: 5.464 GC heap before
{Heap before GC invocations=8 (full 0):
 garbage-first heap   total 262144K, used 168847K [0x0000000080000000, 0x0000000100000000)
  region size 1024K, 140 young (143360K), 14 survivors (14336K)
 Metaspace       used 52965K, capacity 54289K, committed 54556K, reserved 1097728K
  class space    used 6736K, capacity 7271K, committed 7296K, reserved 1048576K
}
Event: 5.477 GC heap after
{Heap after GC invocations=9 (full 0):
 garbage-first heap   total 262144K, used 49271K [0x0000000080000000, 0x0000000100000000)
  region size 1024K, 18 young (18432K), 18 survivors (18432K)
 Metaspace       used 52965K, capacity 54289K, committed 54556K, reserved 1097728K
  class space    used 6736K, capacity 7271K, committed 7296K, reserved 1048576K
}
Event: 6.951 GC heap before
{Heap before GC invocations=9 (full 0):
 garbage-first heap   total 262144K, used 195703K [0x0000000080000000, 0x0000000100000000)
  region size 1024K, 153 young (156672K), 18 survivors (18432K)
 Metaspace       used 67059K, capacity 68761K, committed 69020K, reserved 1110016K
  class space    used 8497K, capacity 9148K, committed 9216K, reserved 1048576K
}
Event: 6.965 GC heap after
{Heap after GC invocations=10 (full 0):
 garbage-first heap   total 262144K, used 58953K [0x0000000080000000, 0x0000000100000000)
  region size 1024K, 10 young (10240K), 10 survivors (10240K)
 Metaspace       used 67059K, capacity 68761K, committed 69020K, reserved 1110016K
  class space    used 8497K, capacity 9148K, committed 9216K, reserved 1048576K
}
Event: 8.229 GC heap before
{Heap before GC invocations=10 (full 0):
 garbage-first heap   total 262144K, used 181833K [0x0000000080000000, 0x0000000100000000)
  region size 1024K, 131 young (134144K), 10 survivors (10240K)
 Metaspace       used 75743K, capacity 77505K, committed 77700K, reserved 1116160K
  class space    used 9824K, capacity 10489K, committed 10496K, reserved 1048576K
}
Event: 8.251 GC heap after
{Heap after GC invocations=11 (full 0):
 garbage-first heap   total 262144K, used 66152K [0x0000000080000000, 0x0000000100000000)
  region size 1024K, 17 young (17408K), 17 survivors (17408K)
 Metaspace       used 75743K, capacity 77505K, committed 77700K, reserved 1116160K
  class space    used 9824K, capacity 10489K, committed 10496K, reserved 1048576K
}
Event: 9.497 GC heap before
{Heap before GC invocations=12 (full 0):
 garbage-first heap   total 262144K, used 198248K [0x0000000080000000, 0x0000000100000000)
  region size 1024K, 146 young (149504K), 17 survivors (17408K)
 Metaspace       used 84382K, capacity 86593K, committed 86736K, reserved 1124352K
  class space    used 10991K, capacity 11837K, committed 11904K, reserved 1048576K
}
Event: 9.514 GC heap after
{Heap after GC invocations=13 (full 0):
 garbage-first heap   total 262144K, used 77515K [0x0000000080000000, 0x0000000100000000)
  region size 1024K, 19 young (19456K), 19 survivors (19456K)
 Metaspace       used 84382K, capacity 86593K, committed 86736K, reserved 1124352K
  class space    used 10991K, capacity 11837K, committed 11904K, reserved 1048576K
}
Event: 11.035 GC heap before
{Heap before GC invocations=13 (full 0):
 garbage-first heap   total 262144K, used 199371K [0x0000000080000000, 0x0000000100000000)
  region size 1024K, 139 young (142336K), 19 survivors (19456K)
 Metaspace       used 87519K, capacity 89971K, committed 90064K, reserved 1126400K
  class space    used 11460K, capacity 12403K, committed 12416K, reserved 1048576K
}
Event: 11.057 GC heap after
{Heap after GC invocations=14 (full 0):
 garbage-first heap   total 262144K, used 89712K [0x0000000080000000, 0x0000000100000000)
  region size 1024K, 13 young (13312K), 13 survivors (13312K)
 Metaspace       used 87519K, capacity 89971K, committed 90064K, reserved 1126400K
  class space    used 11460K, capacity 12403K, committed 12416K, reserved 1048576K
}

