# JRE version: OpenJDK Runtime Environment (11.0.15) (build 11.0.15+0-b2043.56-8887301)
# Java VM: OpenJDK 64-Bit Server VM (11.0.15+0-b2043.56-8887301, mixed mode, tiered, compressed oops, g1 gc, windows-amd64)
Heap:
 garbage-first heap   total 262144K, used 113265K [0x0000000080000000, 0x0000000100000000)
  region size 1024K, 62 young (63488K), 10 survivors (10240K)
 Metaspace       used 72984K, capacity 74751K, committed 74928K, reserved 1114112K
  class space    used 9255K, capacity 9918K, committed 9984K, reserved 1048576K
GC Heap History (14 events):
Event: 0.552 GC heap before
{Heap before GC invocations=0 (full 0):
 garbage-first heap   total 262144K, used 29696K [0x0000000080000000, 0x0000000100000000)
  region size 1024K, 24 young (24576K), 0 survivors (0K)
 Metaspace       used 9749K, capacity 9956K, committed 10112K, reserved 1058816K
  class space    used 994K, capacity 1069K, committed 1152K, reserved 1048576K
}
Event: 0.556 GC heap after
{Heap after GC invocations=1 (full 0):
 garbage-first heap   total 262144K, used 9444K [0x0000000080000000, 0x0000000100000000)
  region size 1024K, 3 young (3072K), 3 survivors (3072K)
 Metaspace       used 9749K, capacity 9956K, committed 10112K, reserved 1058816K
  class space    used 994K, capacity 1069K, committed 1152K, reserved 1048576K
}
Event: 2.181 GC heap before
{Heap before GC invocations=1 (full 0):
 garbage-first heap   total 262144K, used 107748K [0x0000000080000000, 0x0000000100000000)
  region size 1024K, 100 young (102400K), 3 survivors (3072K)
 Metaspace       used 20774K, capacity 21187K, committed 21296K, reserved 1069056K
  class space    used 2522K, capacity 2685K, committed 2688K, reserved 1048576K
}
Event: 2.191 GC heap after
{Heap after GC invocations=2 (full 0):
 garbage-first heap   total 262144K, used 17707K [0x0000000080000000, 0x0000000100000000)
  region size 1024K, 12 young (12288K), 12 survivors (12288K)
 Metaspace       used 20774K, capacity 21187K, committed 21296K, reserved 1069056K
  class space    used 2522K, capacity 2685K, committed 2688K, reserved 1048576K
}
Event: 2.980 GC heap before
{Heap before GC invocations=3 (full 0):
 garbage-first heap   total 262144K, used 86315K [0x0000000080000000, 0x0000000100000000)
  region size 1024K, 80 young (81920K), 12 survivors (12288K)
 Metaspace       used 27740K, capacity 28433K, committed 28720K, reserved 1075200K
  class space    used 3638K, capacity 3881K, committed 3968K, reserved 1048576K
}
Event: 2.987 GC heap after
{Heap after GC invocations=4 (full 0):
 garbage-first heap   total 262144K, used 19548K [0x0000000080000000, 0x0000000100000000)
  region size 1024K, 3 young (3072K), 3 survivors (3072K)
 Metaspace       used 27740K, capacity 28433K, committed 28720K, reserved 1075200K
  class space    used 3638K, capacity 3881K, committed 3968K, reserved 1048576K
}
Event: 3.693 GC heap before
{Heap before GC invocations=4 (full 0):
 garbage-first heap   total 262144K, used 71772K [0x0000000080000000, 0x0000000100000000)
  region size 1024K, 55 young (56320K), 3 survivors (3072K)
 Metaspace       used 34926K, capacity 35729K, committed 35888K, reserved 1081344K
  class space    used 4557K, capacity 4889K, committed 4992K, reserved 1048576K
}
Event: 3.701 GC heap after
{Heap after GC invocations=5 (full 0):
 garbage-first heap   total 262144K, used 22484K [0x0000000080000000, 0x0000000100000000)
  region size 1024K, 6 young (6144K), 6 survivors (6144K)
 Metaspace       used 34926K, capacity 35729K, committed 35888K, reserved 1081344K
  class space    used 4557K, capacity 4889K, committed 4992K, reserved 1048576K
}
Event: 4.982 GC heap before
{Heap before GC invocations=6 (full 0):
 garbage-first heap   total 262144K, used 144340K [0x0000000080000000, 0x0000000100000000)
  region size 1024K, 122 young (124928K), 6 survivors (6144K)
 Metaspace       used 45742K, capacity 46877K, committed 46896K, reserved 1089536K
  class space    used 5815K, capacity 6263K, committed 6272K, reserved 1048576K
}
Event: 4.999 GC heap after
{Heap after GC invocations=7 (full 0):
 garbage-first heap   total 262144K, used 30617K [0x0000000080000000, 0x0000000100000000)
  region size 1024K, 14 young (14336K), 14 survivors (14336K)
 Metaspace       used 45742K, capacity 46877K, committed 46896K, reserved 1089536K
  class space    used 5815K, capacity 6263K, committed 6272K, reserved 1048576K
}
Event: 7.996 GC heap before
{Heap before GC invocations=8 (full 0):
 garbage-first heap   total 262144K, used 177049K [0x0000000080000000, 0x0000000100000000)
  region size 1024K, 148 young (151552K), 14 survivors (14336K)
 Metaspace       used 57362K, capacity 58748K, committed 58928K, reserved 1099776K
  class space    used 7233K, capacity 7784K, committed 7808K, reserved 1048576K
}
Event: 8.010 GC heap after
{Heap after GC invocations=9 (full 0):
 garbage-first heap   total 262144K, used 51101K [0x0000000080000000, 0x0000000100000000)
  region size 1024K, 19 young (19456K), 19 survivors (19456K)
 Metaspace       used 57362K, capacity 58748K, committed 58928K, reserved 1099776K
  class space    used 7233K, capacity 7784K, committed 7808K, reserved 1048576K
}
Event: 9.663 GC heap before
{Heap before GC invocations=9 (full 0):
 garbage-first heap   total 262144K, used 195485K [0x0000000080000000, 0x0000000100000000)
  region size 1024K, 153 young (156672K), 19 survivors (19456K)
 Metaspace       used 70217K, capacity 71844K, committed 71984K, reserved 1112064K
  class space    used 8885K, capacity 9528K, committed 9600K, reserved 1048576K
}
Event: 9.677 GC heap after
{Heap after GC invocations=10 (full 0):
 garbage-first heap   total 262144K, used 61041K [0x0000000080000000, 0x0000000100000000)
  region size 1024K, 10 young (10240K), 10 survivors (10240K)
 Metaspace       used 70217K, capacity 71844K, committed 71984K, reserved 1112064K
  class space    used 8885K, capacity 9528K, committed 9600K, reserved 1048576K
}

