# JRE version: OpenJDK Runtime Environment (11.0.15) (build 11.0.15+0-b2043.56-8887301)
# Java VM: OpenJDK 64-Bit Server VM (11.0.15+0-b2043.56-8887301, mixed mode, tiered, compressed oops, g1 gc, windows-amd64)
Heap:
 garbage-first heap   total 262144K, used 138950K [0x0000000080000000, 0x0000000100000000)
  region size 1024K, 3 young (3072K), 1 survivors (1024K)
 Metaspace       used 148148K, capacity 154059K, committed 154312K, reserved 1183744K
  class space    used 18155K, capacity 20247K, committed 20300K, reserved 1048576K
GC Heap History (20 events):
Event: 4846.727 GC heap before
{Heap before GC invocations=189 (full 0):
 garbage-first heap   total 262144K, used 136140K [0x0000000080000000, 0x0000000100000000)
  region size 1024K, 12 young (12288K), 1 survivors (1024K)
 Metaspace       used 147893K, capacity 153796K, committed 154056K, reserved 1183744K
  class space    used 18162K, capacity 20261K, committed 20300K, reserved 1048576K
}
Event: 4846.736 GC heap after
{Heap after GC invocations=190 (full 0):
 garbage-first heap   total 262144K, used 119598K [0x0000000080000000, 0x0000000100000000)
  region size 1024K, 2 young (2048K), 2 survivors (2048K)
 Metaspace       used 147893K, capacity 153796K, committed 154056K, reserved 1183744K
  class space    used 18162K, capacity 20261K, committed 20300K, reserved 1048576K
}
Event: 4891.807 GC heap before
{Heap before GC invocations=190 (full 0):
 garbage-first heap   total 262144K, used 217902K [0x0000000080000000, 0x0000000100000000)
  region size 1024K, 99 young (101376K), 2 survivors (2048K)
 Metaspace       used 147994K, capacity 153993K, committed 154056K, reserved 1183744K
  class space    used 18162K, capacity 20261K, committed 20300K, reserved 1048576K
}
Event: 4891.817 GC heap after
{Heap after GC invocations=191 (full 0):
 garbage-first heap   total 262144K, used 121317K [0x0000000080000000, 0x0000000100000000)
  region size 1024K, 4 young (4096K), 4 survivors (4096K)
 Metaspace       used 147994K, capacity 153993K, committed 154056K, reserved 1183744K
  class space    used 18162K, capacity 20261K, committed 20300K, reserved 1048576K
}
Event: 4911.864 GC heap before
{Heap before GC invocations=192 (full 0):
 garbage-first heap   total 262144K, used 230885K [0x0000000080000000, 0x0000000100000000)
  region size 1024K, 100 young (102400K), 4 survivors (4096K)
 Metaspace       used 147977K, capacity 153910K, committed 154056K, reserved 1183744K
  class space    used 18155K, capacity 20247K, committed 20300K, reserved 1048576K
}
Event: 4911.869 GC heap after
{Heap after GC invocations=193 (full 0):
 garbage-first heap   total 262144K, used 121699K [0x0000000080000000, 0x0000000100000000)
  region size 1024K, 4 young (4096K), 4 survivors (4096K)
 Metaspace       used 147977K, capacity 153910K, committed 154056K, reserved 1183744K
  class space    used 18155K, capacity 20247K, committed 20300K, reserved 1048576K
}
Event: 4911.907 GC heap before
{Heap before GC invocations=193 (full 0):
 garbage-first heap   total 262144K, used 129891K [0x0000000080000000, 0x0000000100000000)
  region size 1024K, 12 young (12288K), 4 survivors (4096K)
 Metaspace       used 147989K, capacity 153910K, committed 154056K, reserved 1183744K
  class space    used 18155K, capacity 20247K, committed 20300K, reserved 1048576K
}
Event: 4911.918 GC heap after
{Heap after GC invocations=194 (full 0):
 garbage-first heap   total 262144K, used 119483K [0x0000000080000000, 0x0000000100000000)
  region size 1024K, 2 young (2048K), 2 survivors (2048K)
 Metaspace       used 147989K, capacity 153910K, committed 154056K, reserved 1183744K
  class space    used 18155K, capacity 20247K, committed 20300K, reserved 1048576K
}
Event: 4912.721 GC heap before
{Heap before GC invocations=194 (full 0):
 garbage-first heap   total 262144K, used 171707K [0x0000000080000000, 0x0000000100000000)
  region size 1024K, 55 young (56320K), 2 survivors (2048K)
 Metaspace       used 148014K, capacity 153976K, committed 154312K, reserved 1183744K
  class space    used 18155K, capacity 20247K, committed 20300K, reserved 1048576K
}
Event: 4912.731 GC heap after
{Heap after GC invocations=195 (full 0):
 garbage-first heap   total 262144K, used 123121K [0x0000000080000000, 0x0000000100000000)
  region size 1024K, 6 young (6144K), 6 survivors (6144K)
 Metaspace       used 148014K, capacity 153976K, committed 154312K, reserved 1183744K
  class space    used 18155K, capacity 20247K, committed 20300K, reserved 1048576K
}
Event: 4941.963 GC heap before
{Heap before GC invocations=196 (full 0):
 garbage-first heap   total 262144K, used 211185K [0x0000000080000000, 0x0000000100000000)
  region size 1024K, 81 young (82944K), 6 survivors (6144K)
 Metaspace       used 148047K, capacity 154044K, committed 154312K, reserved 1183744K
  class space    used 18155K, capacity 20247K, committed 20300K, reserved 1048576K
}
Event: 4941.973 GC heap after
{Heap after GC invocations=197 (full 0):
 garbage-first heap   total 262144K, used 129949K [0x0000000080000000, 0x0000000100000000)
  region size 1024K, 11 young (11264K), 11 survivors (11264K)
 Metaspace       used 148047K, capacity 154044K, committed 154312K, reserved 1183744K
  class space    used 18155K, capacity 20247K, committed 20300K, reserved 1048576K
}
Event: 4941.978 GC heap before
{Heap before GC invocations=197 (full 0):
 garbage-first heap   total 262144K, used 130973K [0x0000000080000000, 0x0000000100000000)
  region size 1024K, 12 young (12288K), 11 survivors (11264K)
 Metaspace       used 148048K, capacity 154044K, committed 154312K, reserved 1183744K
  class space    used 18155K, capacity 20247K, committed 20300K, reserved 1048576K
}
Event: 4941.992 GC heap after
{Heap after GC invocations=198 (full 0):
 garbage-first heap   total 262144K, used 124732K [0x0000000080000000, 0x0000000100000000)
  region size 1024K, 2 young (2048K), 2 survivors (2048K)
 Metaspace       used 148048K, capacity 154044K, committed 154312K, reserved 1183744K
  class space    used 18155K, capacity 20247K, committed 20300K, reserved 1048576K
}
Event: 4942.118 GC heap before
{Heap before GC invocations=198 (full 0):
 garbage-first heap   total 262144K, used 141116K [0x0000000080000000, 0x0000000100000000)
  region size 1024K, 20 young (20480K), 2 survivors (2048K)
 Metaspace       used 148102K, capacity 154053K, committed 154312K, reserved 1183744K
  class space    used 18155K, capacity 20247K, committed 20300K, reserved 1048576K
}
Event: 4942.126 GC heap after
{Heap after GC invocations=199 (full 0):
 garbage-first heap   total 262144K, used 123873K [0x0000000080000000, 0x0000000100000000)
  region size 1024K, 1 young (1024K), 1 survivors (1024K)
 Metaspace       used 148102K, capacity 154053K, committed 154312K, reserved 1183744K
  class space    used 18155K, capacity 20247K, committed 20300K, reserved 1048576K
}
Event: 4967.189 GC heap before
{Heap before GC invocations=200 (full 0):
 garbage-first heap   total 262144K, used 216033K [0x0000000080000000, 0x0000000100000000)
  region size 1024K, 80 young (81920K), 1 survivors (1024K)
 Metaspace       used 148138K, capacity 154059K, committed 154312K, reserved 1183744K
  class space    used 18155K, capacity 20247K, committed 20300K, reserved 1048576K
}
Event: 4967.202 GC heap after
{Heap after GC invocations=201 (full 0):
 garbage-first heap   total 262144K, used 131580K [0x0000000080000000, 0x0000000100000000)
  region size 1024K, 9 young (9216K), 9 survivors (9216K)
 Metaspace       used 148138K, capacity 154059K, committed 154312K, reserved 1183744K
  class space    used 18155K, capacity 20247K, committed 20300K, reserved 1048576K
}
Event: 4967.212 GC heap before
{Heap before GC invocations=201 (full 0):
 garbage-first heap   total 262144K, used 134652K [0x0000000080000000, 0x0000000100000000)
  region size 1024K, 12 young (12288K), 9 survivors (9216K)
 Metaspace       used 148140K, capacity 154059K, committed 154312K, reserved 1183744K
  class space    used 18155K, capacity 20247K, committed 20300K, reserved 1048576K
}
Event: 4967.231 GC heap after
{Heap after GC invocations=202 (full 0):
 garbage-first heap   total 262144K, used 125720K [0x0000000080000000, 0x0000000100000000)
  region size 1024K, 1 young (1024K), 1 survivors (1024K)
 Metaspace       used 148140K, capacity 154059K, committed 154312K, reserved 1183744K
  class space    used 18155K, capacity 20247K, committed 20300K, reserved 1048576K
}

